{"uuid":"69419e04-de2e-41d2-a7be-44b18206ddd1","historyId":"ace982a5b4988c7a73a61133a4ee94b9","testCaseId":"[engine:junit-jupiter]/[class:com.sahibinden.tests.HomePageTest]/[method:shouldNavigateToHomePage()]","testCaseName":"Should navigate to home page successfully","fullName":"com.sahibinden.tests.HomePageTest.shouldNavigateToHomePage","labels":[{"name":"junit.platform.uniqueid","value":"[engine:junit-jupiter]/[class:com.sahibinden.tests.HomePageTest]/[method:shouldNavigateToHomePage()]"},{"name":"host","value":"192.168.1.17"},{"name":"thread","value":"30199@192.168.1.17.main(1)"},{"name":"framework","value":"junit-platform"},{"name":"language","value":"java"},{"name":"package","value":"com.sahibinden.tests.HomePageTest"},{"name":"testClass","value":"com.sahibinden.tests.HomePageTest"},{"name":"testMethod","value":"shouldNavigateToHomePage"},{"name":"suite","value":"Home Page Tests"},{"name":"severity","value":"critical"}],"links":[],"name":"Should navigate to home page successfully","status":"broken","statusDetails":{"known":false,"muted":false,"flaky":false,"message":"no such window: target window already closed\nfrom unknown error: web view not found\n  (Session info: chrome=134.0.6998.166)\nBuild info: version: '4.30.0', revision: '509c7f17cc*'\nSystem info: os.name: 'Mac OS X', os.arch: 'aarch64', os.version: '15.2', java.version: '17.0.13'\nDriver info: org.openqa.selenium.chrome.ChromeDriver\nCommand: [654274c1496c5d2bc5fab5b373e5b823, findElement {value=#container, using=css selector}]\nCapabilities {acceptInsecureCerts: false, browserName: chrome, browserVersion: 134.0.6998.166, chrome: {chromedriverVersion: 134.0.6998.165 (fd886e2cb29..., userDataDir: /var/folders/k4/wb1n_8qs2wj...}, fedcm:accounts: true, goog:chromeOptions: {debuggerAddress: localhost:52274}, networkConnectionEnabled: false, pageLoadStrategy: normal, platformName: mac, proxy: Proxy(), se:cdp: ws://localhost:52274/devtoo..., se:cdpVersion: 134.0.6998.166, setWindowRect: true, strictFileInteractability: false, timeouts: {implicit: 0, pageLoad: 300000, script: 30000}, unhandledPromptBehavior: dismiss and notify, webauthn:extension:credBlob: true, webauthn:extension:largeBlob: true, webauthn:extension:minPinLength: true, webauthn:extension:prf: true, webauthn:virtualAuthenticators: true}\nSession ID: 654274c1496c5d2bc5fab5b373e5b823","trace":"org.openqa.selenium.NoSuchWindowException: no such window: target window already closed\nfrom unknown error: web view not found\n  (Session info: chrome=134.0.6998.166)\nBuild info: version: '4.30.0', revision: '509c7f17cc*'\nSystem info: os.name: 'Mac OS X', os.arch: 'aarch64', os.version: '15.2', java.version: '17.0.13'\nDriver info: org.openqa.selenium.chrome.ChromeDriver\nCommand: [654274c1496c5d2bc5fab5b373e5b823, findElement {value=#container, using=css selector}]\nCapabilities {acceptInsecureCerts: false, browserName: chrome, browserVersion: 134.0.6998.166, chrome: {chromedriverVersion: 134.0.6998.165 (fd886e2cb29..., userDataDir: /var/folders/k4/wb1n_8qs2wj...}, fedcm:accounts: true, goog:chromeOptions: {debuggerAddress: localhost:52274}, networkConnectionEnabled: false, pageLoadStrategy: normal, platformName: mac, proxy: Proxy(), se:cdp: ws://localhost:52274/devtoo..., se:cdpVersion: 134.0.6998.166, setWindowRect: true, strictFileInteractability: false, timeouts: {implicit: 0, pageLoad: 300000, script: 30000}, unhandledPromptBehavior: dismiss and notify, webauthn:extension:credBlob: true, webauthn:extension:largeBlob: true, webauthn:extension:minPinLength: true, webauthn:extension:prf: true, webauthn:virtualAuthenticators: true}\nSession ID: 654274c1496c5d2bc5fab5b373e5b823\n\tat jdk.internal.reflect.GeneratedConstructorAccessor25.newInstance(Unknown Source)\n\tat java.base/jdk.internal.reflect.DelegatingConstructorAccessorImpl.newInstance(DelegatingConstructorAccessorImpl.java:45)\n\tat java.base/java.lang.reflect.Constructor.newInstanceWithCaller(Constructor.java:500)\n\tat java.base/java.lang.reflect.Constructor.newInstance(Constructor.java:481)\n\tat org.openqa.selenium.remote.ErrorCodec.decode(ErrorCodec.java:167)\n\tat org.openqa.selenium.remote.codec.w3c.W3CHttpResponseCodec.decode(W3CHttpResponseCodec.java:138)\n\tat org.openqa.selenium.remote.codec.w3c.W3CHttpResponseCodec.decode(W3CHttpResponseCodec.java:50)\n\tat org.openqa.selenium.remote.HttpCommandExecutor.execute(HttpCommandExecutor.java:215)\n\tat org.openqa.selenium.remote.service.DriverCommandExecutor.invokeExecute(DriverCommandExecutor.java:216)\n\tat org.openqa.selenium.remote.service.DriverCommandExecutor.execute(DriverCommandExecutor.java:174)\n\tat org.openqa.selenium.remote.RemoteWebDriver.execute(RemoteWebDriver.java:545)\n\tat org.openqa.selenium.remote.ElementLocation$ElementFinder$2.findElement(ElementLocation.java:165)\n\tat org.openqa.selenium.remote.ElementLocation.findElement(ElementLocation.java:59)\n\tat org.openqa.selenium.remote.RemoteWebDriver.findElement(RemoteWebDriver.java:368)\n\tat org.openqa.selenium.remote.RemoteWebDriver.findElement(RemoteWebDriver.java:362)\n\tat org.openqa.selenium.support.pagefactory.DefaultElementLocator.findElement(DefaultElementLocator.java:68)\n\tat org.openqa.selenium.support.pagefactory.internal.LocatingElementHandler.invoke(LocatingElementHandler.java:38)\n\tat jdk.proxy2/jdk.proxy2.$Proxy57.toString(Unknown Source)\n\tat java.base/java.lang.String.valueOf(String.java:4220)\n\tat org.openqa.selenium.support.ui.ExpectedConditions$10.toString(ExpectedConditions.java:295)\n\tat java.base/java.lang.String.valueOf(String.java:4220)\n\tat org.openqa.selenium.support.ui.FluentWait.until(FluentWait.java:225)\n\tat com.sahibinden.pages.BasePage.waitForElementVisible(BasePage.java:50)\n\tat com.sahibinden.pages.HomePage.verifyPageLoaded(HomePage.java:76)\n\tat com.sahibinden.pages.HomePage.navigateTo(HomePage.java:42)\n\tat com.sahibinden.tests.HomePageTest.shouldNavigateToHomePage(HomePageTest.java:34)\n\tat java.base/java.lang.reflect.Method.invoke(Method.java:569)\n\tat java.base/java.util.ArrayList.forEach(ArrayList.java:1511)\n\tat java.base/java.util.ArrayList.forEach(ArrayList.java:1511)\n\tSuppressed: org.openqa.selenium.NoSuchWindowException: no such window: target window already closed\nfrom unknown error: web view not found\n  (Session info: chrome=134.0.6998.166)\nBuild info: version: '4.30.0', revision: '509c7f17cc*'\nSystem info: os.name: 'Mac OS X', os.arch: 'aarch64', os.version: '15.2', java.version: '17.0.13'\nDriver info: org.openqa.selenium.chrome.ChromeDriver\nCommand: [654274c1496c5d2bc5fab5b373e5b823, screenshot {}]\nCapabilities {acceptInsecureCerts: false, browserName: chrome, browserVersion: 134.0.6998.166, chrome: {chromedriverVersion: 134.0.6998.165 (fd886e2cb29..., userDataDir: /var/folders/k4/wb1n_8qs2wj...}, fedcm:accounts: true, goog:chromeOptions: {debuggerAddress: localhost:52274}, networkConnectionEnabled: false, pageLoadStrategy: normal, platformName: mac, proxy: Proxy(), se:cdp: ws://localhost:52274/devtoo..., se:cdpVersion: 134.0.6998.166, setWindowRect: true, strictFileInteractability: false, timeouts: {implicit: 0, pageLoad: 300000, script: 30000}, unhandledPromptBehavior: dismiss and notify, webauthn:extension:credBlob: true, webauthn:extension:largeBlob: true, webauthn:extension:minPinLength: true, webauthn:extension:prf: true, webauthn:virtualAuthenticators: true}\nSession ID: 654274c1496c5d2bc5fab5b373e5b823\n\t\tat java.base/java.lang.reflect.Constructor.newInstanceWithCaller(Constructor.java:500)\n\t\tat java.base/java.lang.reflect.Constructor.newInstance(Constructor.java:481)\n\t\tat org.openqa.selenium.remote.ErrorCodec.decode(ErrorCodec.java:167)\n\t\tat org.openqa.selenium.remote.codec.w3c.W3CHttpResponseCodec.decode(W3CHttpResponseCodec.java:138)\n\t\tat org.openqa.selenium.remote.codec.w3c.W3CHttpResponseCodec.decode(W3CHttpResponseCodec.java:50)\n\t\tat org.openqa.selenium.remote.HttpCommandExecutor.execute(HttpCommandExecutor.java:215)\n\t\tat org.openqa.selenium.remote.service.DriverCommandExecutor.invokeExecute(DriverCommandExecutor.java:216)\n\t\tat org.openqa.selenium.remote.service.DriverCommandExecutor.execute(DriverCommandExecutor.java:174)\n\t\tat org.openqa.selenium.remote.RemoteWebDriver.execute(RemoteWebDriver.java:545)\n\t\tat org.openqa.selenium.remote.RemoteWebDriver.execute(RemoteWebDriver.java:618)\n\t\tat org.openqa.selenium.remote.RemoteWebDriver.execute(RemoteWebDriver.java:622)\n\t\tat org.openqa.selenium.remote.RemoteWebDriver.getScreenshotAs(RemoteWebDriver.java:334)\n\t\tat com.sahibinden.base.BaseTest.tearDown(BaseTest.java:30)\n\t\t... 3 more\n"},"stage":"finished","description":"Verify that user can navigate to the home page and URL is correct","steps":[],"attachments":[],"parameters":[],"start":1743416329921,"stop":1743416350725}