{"uuid":"6b2db5d7-f04b-464d-93eb-01b286f502b2","historyId":"8650bd6e20625be6cf9f18015ab22cb0","testCaseId":"[engine:junit-jupiter]/[class:com.sahibinden.tests.YepyPhoneTest]/[method:testBrandFilter()]","testCaseName":"testBrandFilter()","fullName":"com.sahibinden.tests.YepyPhoneTest.testBrandFilter","labels":[{"name":"junit.platform.uniqueid","value":"[engine:junit-jupiter]/[class:com.sahibinden.tests.YepyPhoneTest]/[method:testBrandFilter()]"},{"name":"host","value":"192.168.1.17"},{"name":"thread","value":"27605@192.168.1.17.main(1)"},{"name":"framework","value":"junit-platform"},{"name":"language","value":"java"},{"name":"package","value":"com.sahibinden.tests.YepyPhoneTest"},{"name":"testClass","value":"com.sahibinden.tests.YepyPhoneTest"},{"name":"testMethod","value":"testBrandFilter"},{"name":"suite","value":"com.sahibinden.tests.YepyPhoneTest"}],"links":[],"name":"testBrandFilter()","status":"broken","statusDetails":{"known":false,"muted":false,"flaky":false,"message":"Expected condition failed: waiting for com.sahibinden.pages.YepyPhonePage$$Lambda$1423/0x00000070006ecea0@2e6b379c (tried for 30 second(s) with 500 milliseconds interval)","trace":"org.openqa.selenium.TimeoutException: Expected condition failed: waiting for com.sahibinden.pages.YepyPhonePage$$Lambda$1423/0x00000070006ecea0@2e6b379c (tried for 30 second(s) with 500 milliseconds interval)\n\tat org.openqa.selenium.support.ui.WebDriverWait.timeoutException(WebDriverWait.java:84)\n\tat org.openqa.selenium.support.ui.FluentWait.until(FluentWait.java:228)\n\tat com.sahibinden.pages.YepyPhonePage.waitForPageLoad(YepyPhonePage.java:155)\n\tat com.sahibinden.pages.YepyPhonePage.navigateTo(YepyPhonePage.java:66)\n\tat com.sahibinden.tests.YepyPhoneTest.setUp(YepyPhoneTest.java:24)\n\tat java.base/java.lang.reflect.Method.invoke(Method.java:569)\n\tat java.base/java.util.ArrayList.forEach(ArrayList.java:1511)\n\tat java.base/java.util.ArrayList.forEach(ArrayList.java:1511)\nCaused by: org.openqa.selenium.NoSuchWindowException: no such window: target window already closed\nfrom unknown error: web view not found\n  (Session info: chrome=134.0.6998.166)\nBuild info: version: '4.18.1', revision: 'b1d3319b48'\nSystem info: os.name: 'Mac OS X', os.arch: 'aarch64', os.version: '15.2', java.version: '17.0.13'\nDriver info: org.openqa.selenium.chrome.ChromeDriver\nCommand: [880eed6c2f0251ad2b1b0a44e17a9e28, executeScript {args=[], script=return document.readyState}]\nCapabilities {acceptInsecureCerts: false, browserName: chrome, browserVersion: 134.0.6998.166, chrome: {chromedriverVersion: 134.0.6998.165 (fd886e2cb29..., userDataDir: /var/folders/k4/wb1n_8qs2wj...}, fedcm:accounts: true, goog:chromeOptions: {debuggerAddress: localhost:56132}, networkConnectionEnabled: false, pageLoadStrategy: normal, platformName: mac, proxy: Proxy(), se:cdp: ws://localhost:56132/devtoo..., se:cdpVersion: 134.0.6998.166, setWindowRect: true, strictFileInteractability: false, timeouts: {implicit: 0, pageLoad: 300000, script: 30000}, unhandledPromptBehavior: dismiss and notify, webauthn:extension:credBlob: true, webauthn:extension:largeBlob: true, webauthn:extension:minPinLength: true, webauthn:extension:prf: true, webauthn:virtualAuthenticators: true}\nSession ID: 880eed6c2f0251ad2b1b0a44e17a9e28\n\tat jdk.internal.reflect.GeneratedConstructorAccessor27.newInstance(Unknown Source)\n\tat java.base/jdk.internal.reflect.DelegatingConstructorAccessorImpl.newInstance(DelegatingConstructorAccessorImpl.java:45)\n\tat java.base/java.lang.reflect.Constructor.newInstanceWithCaller(Constructor.java:500)\n\tat java.base/java.lang.reflect.Constructor.newInstance(Constructor.java:481)\n\tat org.openqa.selenium.remote.ErrorCodec.decode(ErrorCodec.java:167)\n\tat org.openqa.selenium.remote.codec.w3c.W3CHttpResponseCodec.decode(W3CHttpResponseCodec.java:138)\n\tat org.openqa.selenium.remote.codec.w3c.W3CHttpResponseCodec.decode(W3CHttpResponseCodec.java:50)\n\tat org.openqa.selenium.remote.HttpCommandExecutor.execute(HttpCommandExecutor.java:190)\n\tat org.openqa.selenium.remote.service.DriverCommandExecutor.invokeExecute(DriverCommandExecutor.java:216)\n\tat org.openqa.selenium.remote.service.DriverCommandExecutor.execute(DriverCommandExecutor.java:174)\n\tat org.openqa.selenium.remote.RemoteWebDriver.execute(RemoteWebDriver.java:519)\n\tat org.openqa.selenium.remote.RemoteWebDriver.executeScript(RemoteWebDriver.java:464)\n\tat com.sahibinden.pages.YepyPhonePage.lambda$waitForPageLoad$3(YepyPhonePage.java:156)\n\tat org.openqa.selenium.support.ui.FluentWait.until(FluentWait.java:203)\n\t... 6 more\n"},"stage":"finished","description":"","steps":[],"attachments":[],"parameters":[],"start":1743268505603,"stop":1743268551461}