{"uuid":"84908be9-01cd-41ea-a1c7-fdf9ca8198d2","historyId":"2a438b52f79ca84879d732a4097225bd","testCaseId":"[engine:junit-jupiter]/[class:com.sahibinden.tests.CookieSetupTest]/[method:saveCookies()]","testCaseName":"saveCookies()","fullName":"com.sahibinden.tests.CookieSetupTest.saveCookies","labels":[{"name":"junit.platform.uniqueid","value":"[engine:junit-jupiter]/[class:com.sahibinden.tests.CookieSetupTest]/[method:saveCookies()]"},{"name":"host","value":"192.168.1.17"},{"name":"thread","value":"22570@192.168.1.17.main(1)"},{"name":"framework","value":"junit-platform"},{"name":"language","value":"java"},{"name":"package","value":"com.sahibinden.tests.CookieSetupTest"},{"name":"testClass","value":"com.sahibinden.tests.CookieSetupTest"},{"name":"testMethod","value":"saveCookies"},{"name":"suite","value":"com.sahibinden.tests.CookieSetupTest"}],"links":[],"name":"saveCookies()","status":"broken","statusDetails":{"known":false,"muted":false,"flaky":false,"message":"Failed to load ApplicationContext for [MergedContextConfiguration@4270b142 testClass = com.sahibinden.tests.CookieSetupTest, locations = [], classes = [com.sahibinden.SahibindenTestApplication], contextInitializerClasses = [], activeProfiles = [\"test\"], propertySourceDescriptors = [], propertySourceProperties = [\"org.springframework.boot.test.context.SpringBootTestContextBootstrapper=true\"], contextCustomizers = [org.springframework.boot.test.context.filter.ExcludeFilterContextCustomizer@4c51bb7, org.springframework.boot.test.json.DuplicateJsonObjectContextCustomizerFactory$DuplicateJsonObjectContextCustomizer@6b54655f, org.springframework.boot.test.mock.mockito.MockitoContextCustomizer@0, org.springframework.boot.test.web.client.TestRestTemplateContextCustomizer@38f57b3d, org.springframework.boot.test.autoconfigure.actuate.observability.ObservabilityContextCustomizerFactory$DisableObservabilityContextCustomizer@1f, org.springframework.boot.test.autoconfigure.properties.PropertyMappingContextCustomizer@0, org.springframework.boot.test.autoconfigure.web.servlet.WebDriverContextCustomizer@9bd0fa6, org.springframework.boot.test.context.SpringBootTestAnnotation@7e8baa7c], contextLoader = org.springframework.boot.test.context.SpringBootContextLoader, parent = null]","trace":"java.lang.IllegalStateException: Failed to load ApplicationContext for [MergedContextConfiguration@4270b142 testClass = com.sahibinden.tests.CookieSetupTest, locations = [], classes = [com.sahibinden.SahibindenTestApplication], contextInitializerClasses = [], activeProfiles = [\"test\"], propertySourceDescriptors = [], propertySourceProperties = [\"org.springframework.boot.test.context.SpringBootTestContextBootstrapper=true\"], contextCustomizers = [org.springframework.boot.test.context.filter.ExcludeFilterContextCustomizer@4c51bb7, org.springframework.boot.test.json.DuplicateJsonObjectContextCustomizerFactory$DuplicateJsonObjectContextCustomizer@6b54655f, org.springframework.boot.test.mock.mockito.MockitoContextCustomizer@0, org.springframework.boot.test.web.client.TestRestTemplateContextCustomizer@38f57b3d, org.springframework.boot.test.autoconfigure.actuate.observability.ObservabilityContextCustomizerFactory$DisableObservabilityContextCustomizer@1f, org.springframework.boot.test.autoconfigure.properties.PropertyMappingContextCustomizer@0, org.springframework.boot.test.autoconfigure.web.servlet.WebDriverContextCustomizer@9bd0fa6, org.springframework.boot.test.context.SpringBootTestAnnotation@7e8baa7c], contextLoader = org.springframework.boot.test.context.SpringBootContextLoader, parent = null]\n\tat org.springframework.test.context.cache.DefaultCacheAwareContextLoaderDelegate.loadContext(DefaultCacheAwareContextLoaderDelegate.java:180)\n\tat org.springframework.test.context.support.DefaultTestContext.getApplicationContext(DefaultTestContext.java:130)\n\tat org.springframework.test.context.support.DependencyInjectionTestExecutionListener.injectDependencies(DependencyInjectionTestExecutionListener.java:142)\n\tat org.springframework.test.context.support.DependencyInjectionTestExecutionListener.prepareTestInstance(DependencyInjectionTestExecutionListener.java:98)\n\tat org.springframework.test.context.TestContextManager.prepareTestInstance(TestContextManager.java:260)\n\tat org.springframework.test.context.junit.jupiter.SpringExtension.postProcessTestInstance(SpringExtension.java:163)\n\tat java.base/java.util.stream.ReferencePipeline$3$1.accept(ReferencePipeline.java:197)\n\tat java.base/java.util.stream.ReferencePipeline$2$1.accept(ReferencePipeline.java:179)\n\tat java.base/java.util.ArrayList$ArrayListSpliterator.forEachRemaining(ArrayList.java:1625)\n\tat java.base/java.util.stream.AbstractPipeline.copyInto(AbstractPipeline.java:509)\n\tat java.base/java.util.stream.AbstractPipeline.wrapAndCopyInto(AbstractPipeline.java:499)\n\tat java.base/java.util.stream.StreamSpliterators$WrappingSpliterator.forEachRemaining(StreamSpliterators.java:310)\n\tat java.base/java.util.stream.Streams$ConcatSpliterator.forEachRemaining(Streams.java:735)\n\tat java.base/java.util.stream.Streams$ConcatSpliterator.forEachRemaining(Streams.java:734)\n\tat java.base/java.util.stream.ReferencePipeline$Head.forEach(ReferencePipeline.java:762)\n\tat java.base/java.util.Optional.orElseGet(Optional.java:364)\n\tat java.base/java.util.ArrayList.forEach(ArrayList.java:1511)\n\tat java.base/java.util.ArrayList.forEach(ArrayList.java:1511)\nCaused by: org.springframework.beans.factory.UnsatisfiedDependencyException: Error creating bean with name 'homePage' defined in file [/Users/ezgi.bektas/Development/sahibinden-test-automation/target/classes/com/sahibinden/pages/HomePage.class]: Unsatisfied dependency expressed through constructor parameter 0: Error creating bean with name 'webDriver' defined in class path resource [com/sahibinden/config/WebDriverConfig.class]: Failed to instantiate [org.openqa.selenium.WebDriver]: Factory method 'webDriver' threw exception with message: javascript error: Cannot redefine property: webdriver\n  (Session info: chrome=134.0.6998.166)\nBuild info: version: '4.30.0', revision: '509c7f17cc*'\nSystem info: os.name: 'Mac OS X', os.arch: 'aarch64', os.version: '15.2', java.version: '17.0.13'\nDriver info: org.openqa.selenium.chrome.ChromeDriver\nCommand: [ed1d563b58e89d764fa830a74030aa4b, executeScript {script=Object.defineProperty(navigator, 'webdriver', {get: () => undefined}), args=[]}]\nCapabilities {acceptInsecureCerts: false, browserName: chrome, browserVersion: 134.0.6998.166, chrome: {chromedriverVersion: 134.0.6998.165 (fd886e2cb29..., userDataDir: /var/folders/k4/wb1n_8qs2wj...}, fedcm:accounts: true, goog:chromeOptions: {debuggerAddress: localhost:49225}, networkConnectionEnabled: false, pageLoadStrategy: normal, platformName: mac, proxy: Proxy(), se:cdp: ws://localhost:49225/devtoo..., se:cdpVersion: 134.0.6998.166, setWindowRect: true, strictFileInteractability: false, timeouts: {implicit: 0, pageLoad: 300000, script: 30000}, unhandledPromptBehavior: dismiss and notify, webauthn:extension:credBlob: true, webauthn:extension:largeBlob: true, webauthn:extension:minPinLength: true, webauthn:extension:prf: true, webauthn:virtualAuthenticators: true}\nSession ID: ed1d563b58e89d764fa830a74030aa4b\n\tat org.springframework.beans.factory.support.ConstructorResolver.createArgumentArray(ConstructorResolver.java:798)\n\tat org.springframework.beans.factory.support.ConstructorResolver.autowireConstructor(ConstructorResolver.java:237)\n\tat org.springframework.beans.factory.support.AbstractAutowireCapableBeanFactory.autowireConstructor(AbstractAutowireCapableBeanFactory.java:1355)\n\tat org.springframework.beans.factory.support.AbstractAutowireCapableBeanFactory.createBeanInstance(AbstractAutowireCapableBeanFactory.java:1192)\n\tat org.springframework.beans.factory.support.AbstractAutowireCapableBeanFactory.doCreateBean(AbstractAutowireCapableBeanFactory.java:562)\n\tat org.springframework.beans.factory.support.AbstractAutowireCapableBeanFactory.createBean(AbstractAutowireCapableBeanFactory.java:522)\n\tat org.springframework.beans.factory.support.AbstractBeanFactory.lambda$doGetBean$0(AbstractBeanFactory.java:325)\n\tat org.springframework.beans.factory.support.DefaultSingletonBeanRegistry.getSingleton(DefaultSingletonBeanRegistry.java:234)\n\tat org.springframework.beans.factory.support.AbstractBeanFactory.doGetBean(AbstractBeanFactory.java:323)\n\tat org.springframework.beans.factory.support.AbstractBeanFactory.getBean(AbstractBeanFactory.java:199)\n\tat org.springframework.beans.factory.support.DefaultListableBeanFactory.preInstantiateSingletons(DefaultListableBeanFactory.java:975)\n\tat org.springframework.context.support.AbstractApplicationContext.finishBeanFactoryInitialization(AbstractApplicationContext.java:959)\n\tat org.springframework.context.support.AbstractApplicationContext.refresh(AbstractApplicationContext.java:624)\n\tat org.springframework.boot.SpringApplication.refresh(SpringApplication.java:754)\n\tat org.springframework.boot.SpringApplication.refreshContext(SpringApplication.java:456)\n\tat org.springframework.boot.SpringApplication.run(SpringApplication.java:334)\n\tat org.springframework.boot.test.context.SpringBootContextLoader.lambda$loadContext$3(SpringBootContextLoader.java:137)\n\tat org.springframework.util.function.ThrowingSupplier.get(ThrowingSupplier.java:58)\n\tat org.springframework.util.function.ThrowingSupplier.get(ThrowingSupplier.java:46)\n\tat org.springframework.boot.SpringApplication.withHook(SpringApplication.java:1454)\n\tat org.springframework.boot.test.context.SpringBootContextLoader$ContextLoaderHook.run(SpringBootContextLoader.java:553)\n\tat org.springframework.boot.test.context.SpringBootContextLoader.loadContext(SpringBootContextLoader.java:137)\n\tat org.springframework.boot.test.context.SpringBootContextLoader.loadContext(SpringBootContextLoader.java:108)\n\tat org.springframework.test.context.cache.DefaultCacheAwareContextLoaderDelegate.loadContextInternal(DefaultCacheAwareContextLoaderDelegate.java:225)\n\tat org.springframework.test.context.cache.DefaultCacheAwareContextLoaderDelegate.loadContext(DefaultCacheAwareContextLoaderDelegate.java:152)\n\t... 17 more\nCaused by: org.springframework.beans.factory.BeanCreationException: Error creating bean with name 'webDriver' defined in class path resource [com/sahibinden/config/WebDriverConfig.class]: Failed to instantiate [org.openqa.selenium.WebDriver]: Factory method 'webDriver' threw exception with message: javascript error: Cannot redefine property: webdriver\n  (Session info: chrome=134.0.6998.166)\nBuild info: version: '4.30.0', revision: '509c7f17cc*'\nSystem info: os.name: 'Mac OS X', os.arch: 'aarch64', os.version: '15.2', java.version: '17.0.13'\nDriver info: org.openqa.selenium.chrome.ChromeDriver\nCommand: [ed1d563b58e89d764fa830a74030aa4b, executeScript {script=Object.defineProperty(navigator, 'webdriver', {get: () => undefined}), args=[]}]\nCapabilities {acceptInsecureCerts: false, browserName: chrome, browserVersion: 134.0.6998.166, chrome: {chromedriverVersion: 134.0.6998.165 (fd886e2cb29..., userDataDir: /var/folders/k4/wb1n_8qs2wj...}, fedcm:accounts: true, goog:chromeOptions: {debuggerAddress: localhost:49225}, networkConnectionEnabled: false, pageLoadStrategy: normal, platformName: mac, proxy: Proxy(), se:cdp: ws://localhost:49225/devtoo..., se:cdpVersion: 134.0.6998.166, setWindowRect: true, strictFileInteractability: false, timeouts: {implicit: 0, pageLoad: 300000, script: 30000}, unhandledPromptBehavior: dismiss and notify, webauthn:extension:credBlob: true, webauthn:extension:largeBlob: true, webauthn:extension:minPinLength: true, webauthn:extension:prf: true, webauthn:virtualAuthenticators: true}\nSession ID: ed1d563b58e89d764fa830a74030aa4b\n\tat org.springframework.beans.factory.support.ConstructorResolver.instantiate(ConstructorResolver.java:651)\n\tat org.springframework.beans.factory.support.ConstructorResolver.instantiateUsingFactoryMethod(ConstructorResolver.java:485)\n\tat org.springframework.beans.factory.support.AbstractAutowireCapableBeanFactory.instantiateUsingFactoryMethod(AbstractAutowireCapableBeanFactory.java:1335)\n\tat org.springframework.beans.factory.support.AbstractAutowireCapableBeanFactory.createBeanInstance(AbstractAutowireCapableBeanFactory.java:1165)\n\tat org.springframework.beans.factory.support.AbstractAutowireCapableBeanFactory.doCreateBean(AbstractAutowireCapableBeanFactory.java:562)\n\tat org.springframework.beans.factory.support.AbstractAutowireCapableBeanFactory.createBean(AbstractAutowireCapableBeanFactory.java:522)\n\tat org.springframework.beans.factory.support.AbstractBeanFactory.lambda$doGetBean$1(AbstractBeanFactory.java:364)\n\tat org.springframework.context.support.SimpleThreadScope.get(SimpleThreadScope.java:68)\n\tat org.springframework.beans.factory.support.AbstractBeanFactory.doGetBean(AbstractBeanFactory.java:361)\n\tat org.springframework.beans.factory.support.AbstractBeanFactory.getBean(AbstractBeanFactory.java:199)\n\tat org.springframework.beans.factory.config.DependencyDescriptor.resolveCandidate(DependencyDescriptor.java:254)\n\tat org.springframework.beans.factory.support.DefaultListableBeanFactory.doResolveDependency(DefaultListableBeanFactory.java:1443)\n\tat org.springframework.beans.factory.support.DefaultListableBeanFactory.resolveDependency(DefaultListableBeanFactory.java:1353)\n\tat org.springframework.beans.factory.support.ConstructorResolver.resolveAutowiredArgument(ConstructorResolver.java:907)\n\tat org.springframework.beans.factory.support.ConstructorResolver.createArgumentArray(ConstructorResolver.java:785)\n\t... 41 more\nCaused by: org.springframework.beans.BeanInstantiationException: Failed to instantiate [org.openqa.selenium.WebDriver]: Factory method 'webDriver' threw exception with message: javascript error: Cannot redefine property: webdriver\n  (Session info: chrome=134.0.6998.166)\nBuild info: version: '4.30.0', revision: '509c7f17cc*'\nSystem info: os.name: 'Mac OS X', os.arch: 'aarch64', os.version: '15.2', java.version: '17.0.13'\nDriver info: org.openqa.selenium.chrome.ChromeDriver\nCommand: [ed1d563b58e89d764fa830a74030aa4b, executeScript {script=Object.defineProperty(navigator, 'webdriver', {get: () => undefined}), args=[]}]\nCapabilities {acceptInsecureCerts: false, browserName: chrome, browserVersion: 134.0.6998.166, chrome: {chromedriverVersion: 134.0.6998.165 (fd886e2cb29..., userDataDir: /var/folders/k4/wb1n_8qs2wj...}, fedcm:accounts: true, goog:chromeOptions: {debuggerAddress: localhost:49225}, networkConnectionEnabled: false, pageLoadStrategy: normal, platformName: mac, proxy: Proxy(), se:cdp: ws://localhost:49225/devtoo..., se:cdpVersion: 134.0.6998.166, setWindowRect: true, strictFileInteractability: false, timeouts: {implicit: 0, pageLoad: 300000, script: 30000}, unhandledPromptBehavior: dismiss and notify, webauthn:extension:credBlob: true, webauthn:extension:largeBlob: true, webauthn:extension:minPinLength: true, webauthn:extension:prf: true, webauthn:virtualAuthenticators: true}\nSession ID: ed1d563b58e89d764fa830a74030aa4b\n\tat org.springframework.beans.factory.support.SimpleInstantiationStrategy.instantiate(SimpleInstantiationStrategy.java:177)\n\tat org.springframework.beans.factory.support.ConstructorResolver.instantiate(ConstructorResolver.java:647)\n\t... 55 more\nCaused by: org.openqa.selenium.JavascriptException: javascript error: Cannot redefine property: webdriver\n  (Session info: chrome=134.0.6998.166)\nBuild info: version: '4.30.0', revision: '509c7f17cc*'\nSystem info: os.name: 'Mac OS X', os.arch: 'aarch64', os.version: '15.2', java.version: '17.0.13'\nDriver info: org.openqa.selenium.chrome.ChromeDriver\nCommand: [ed1d563b58e89d764fa830a74030aa4b, executeScript {script=Object.defineProperty(navigator, 'webdriver', {get: () => undefined}), args=[]}]\nCapabilities {acceptInsecureCerts: false, browserName: chrome, browserVersion: 134.0.6998.166, chrome: {chromedriverVersion: 134.0.6998.165 (fd886e2cb29..., userDataDir: /var/folders/k4/wb1n_8qs2wj...}, fedcm:accounts: true, goog:chromeOptions: {debuggerAddress: localhost:49225}, networkConnectionEnabled: false, pageLoadStrategy: normal, platformName: mac, proxy: Proxy(), se:cdp: ws://localhost:49225/devtoo..., se:cdpVersion: 134.0.6998.166, setWindowRect: true, strictFileInteractability: false, timeouts: {implicit: 0, pageLoad: 300000, script: 30000}, unhandledPromptBehavior: dismiss and notify, webauthn:extension:credBlob: true, webauthn:extension:largeBlob: true, webauthn:extension:minPinLength: true, webauthn:extension:prf: true, webauthn:virtualAuthenticators: true}\nSession ID: ed1d563b58e89d764fa830a74030aa4b\n\tat java.base/java.lang.reflect.Constructor.newInstanceWithCaller(Constructor.java:500)\n\tat java.base/java.lang.reflect.Constructor.newInstance(Constructor.java:481)\n\tat org.openqa.selenium.remote.ErrorCodec.decode(ErrorCodec.java:167)\n\tat org.openqa.selenium.remote.codec.w3c.W3CHttpResponseCodec.decode(W3CHttpResponseCodec.java:138)\n\tat org.openqa.selenium.remote.codec.w3c.W3CHttpResponseCodec.decode(W3CHttpResponseCodec.java:50)\n\tat org.openqa.selenium.remote.HttpCommandExecutor.execute(HttpCommandExecutor.java:215)\n\tat org.openqa.selenium.remote.service.DriverCommandExecutor.invokeExecute(DriverCommandExecutor.java:216)\n\tat org.openqa.selenium.remote.service.DriverCommandExecutor.execute(DriverCommandExecutor.java:174)\n\tat org.openqa.selenium.remote.RemoteWebDriver.execute(RemoteWebDriver.java:545)\n\tat org.openqa.selenium.remote.RemoteWebDriver.executeScript(RemoteWebDriver.java:476)\n\tat com.sahibinden.config.WebDriverConfig.webDriver(WebDriverConfig.java:46)\n\tat com.sahibinden.config.WebDriverConfig$$SpringCGLIB$$0.CGLIB$webDriver$1(<generated>)\n\tat com.sahibinden.config.WebDriverConfig$$SpringCGLIB$$FastClass$$1.invoke(<generated>)\n\tat org.springframework.cglib.proxy.MethodProxy.invokeSuper(MethodProxy.java:258)\n\tat org.springframework.context.annotation.ConfigurationClassEnhancer$BeanMethodInterceptor.intercept(ConfigurationClassEnhancer.java:331)\n\tat com.sahibinden.config.WebDriverConfig$$SpringCGLIB$$0.webDriver(<generated>)\n\tat java.base/java.lang.reflect.Method.invoke(Method.java:569)\n\tat org.springframework.beans.factory.support.SimpleInstantiationStrategy.instantiate(SimpleInstantiationStrategy.java:140)\n\t... 56 more\n"},"stage":"finished","description":"","steps":[],"attachments":[],"parameters":[],"start":1743415029430,"stop":1743415029432}